"../../../Engine/Content/Animation/DefaultAnimCurveCompressionSettings.uasset" 0
"../../../Engine/Content/Functions/Engine_MaterialFunctions01/Opacity/CameraDepthFade.uasset" 1
"../../../Engine/Content/EngineMaterials/T_Default_Material_Grid_M.uasset" 2
"../../../Engine/Content/EngineMaterials/T_Default_Material_Grid_N.uasset" 3
"../../../Engine/Content/EngineMaterials/WorldGridMaterial.uasset" 4
"../../../Engine/Content/ArtTools/RenderToTexture/Meshes/S_1_Unit_Plane.uasset" 5
"../../../Engine/Content/EngineMaterials/DefaultMaterial.uasset" 6
"../../../Engine/Content/BasicShapes/Cone.uasset" 7
"../../../Engine/Content/BasicShapes/Cylinder.uasset" 8
"../../../Engine/Content/BasicShapes/Plane.uasset" 9
"../../../Engine/Content/BasicShapes/Sphere.uasset" 10
"../../../Engine/Content/EngineMaterials/DefaultPhysicalMaterial.uasset" 11
"../../../Engine/Content/BufferVisualization/AmbientOcclusion.uasset" 12
"../../../Engine/Content/BufferVisualization/BaseColor.uasset" 13
"../../../Engine/Content/BufferVisualization/CustomDepth.uasset" 14
"../../../Engine/Content/Functions/Engine_MaterialFunctions02/Utility/VectorLength.uasset" 15
"../../../Engine/Content/BufferVisualization/CustomDepthWorldUnits.uasset" 16
"../../../Engine/Content/Functions/Engine_MaterialFunctions02/Utility/BreakOutFloat2Components.uasset" 17
"../../../Engine/Content/Functions/Engine_MaterialFunctions01/Texturing/ScaleUVsByCenter.uasset" 18
"../../../Engine/Content/Functions/Engine_MaterialFunctions02/ScreenResolution.uasset" 19
"../../../Engine/Content/Functions/Engine_MaterialFunctions02/Texturing/ScreenAlignedUVs.uasset" 20
"../../../Engine/Content/Functions/Engine_MaterialFunctions02/Utility/MakeFloat2.uasset" 21
"../../../Engine/Content/Functions/Engine_MaterialFunctions02/Utility/MakeFloat3.uasset" 22
"../../../Engine/Content/EngineMaterials/MiniFont.uasset" 23
"../../../Engine/Content/BufferVisualization/CustomStencil.uasset" 24
"../../../Engine/Content/BufferVisualization/FinalImage.uasset" 25
"../../../Engine/Content/BufferVisualization/LightingModel.uasset" 26
"../../../Engine/Content/BufferVisualization/MaterialAO.uasset" 27
"../../../Engine/Content/BufferVisualization/Metallic.uasset" 28
"../../../Engine/Content/BufferVisualization/Opacity.uasset" 29
"../../../Engine/Content/BufferVisualization/PostTonemapHDRColor.uasset" 30
"../../../Engine/Content/BufferVisualization/PreTonemapHDRColor.uasset" 31
"../../../Engine/Content/BufferVisualization/Roughness.uasset" 32
"../../../Engine/Content/BufferVisualization/SceneColor.uasset" 33
"../../../Engine/Content/BufferVisualization/SceneDepth.uasset" 34
"../../../Engine/Content/BufferVisualization/SceneDepthWorldUnits.uasset" 35
"../../../Engine/Content/BufferVisualization/SeparateTranslucencyA.uasset" 36
"../../../Engine/Content/BufferVisualization/SeparateTranslucencyRGB.uasset" 37
"../../../Engine/Content/BufferVisualization/Specular.uasset" 38
"../../../Engine/Content/BufferVisualization/SubsurfaceColor.uasset" 39
"../../../Engine/Content/BufferVisualization/Velocity.uasset" 40
"../../../Engine/Content/BufferVisualization/WorldNormal.uasset" 41
"../../../Engine/Content/EditorLandscapeResources/DefaultAlphaTexture.uasset" 42
"../../../Engine/Content/EditorLandscapeResources/AlphaBrushMaterial.uasset" 43
"../../../Engine/Content/EditorLandscapeResources/AlphaBrushMaterial_Smooth.uasset" 44
"../../../Engine/Content/EditorLandscapeResources/CircleBrushMaterial.uasset" 45
"../../../Engine/Content/EditorLandscapeResources/CircleBrushMaterial_Linear.uasset" 46
"../../../Engine/Content/EditorLandscapeResources/CircleBrushMaterial_Smooth.uasset" 47
"../../../Engine/Content/EditorLandscapeResources/CircleBrushMaterial_Spherical.uasset" 48
"../../../Engine/Content/EditorLandscapeResources/CircleBrushMaterial_Tip.uasset" 49
"../../../Engine/Content/EditorLandscapeResources/ColorMaskBrushMaterial.uasset" 50
"../../../Engine/Content/EditorLandscapeResources/ColorMaskBrushMaterial_MaskedRegion.uasset" 51
"../../../Engine/Content/EditorLandscapeResources/DataLayer.uasset" 52
"../../../Engine/Content/Functions/Engine_MaterialFunctions01/Gradient/RadialGradient.uasset" 53
"../../../Engine/Content/EditorLandscapeResources/FlattenHeightMat.uasset" 54
"../../../Engine/Content/EditorLandscapeResources/FlattenPlaneMesh.uasset" 55
"../../../Engine/Content/EditorLandscapeResources/LandscapeGizmoHeight_Mat.uasset" 56
"../../../Engine/Content/EditorLandscapeResources/LandscapeGizmo_Mat.uasset" 57
"../../../Engine/Content/EditorLandscapeResources/LandscapeGizmo_Mat_Copied.uasset" 58
"../../../Engine/Content/EngineMaterials/DefaultDiffuse.uasset" 59
"../../../Engine/Content/Functions/Engine_MaterialFunctions01/Texturing/TextureCropping.uasset" 60
"../../../Engine/Content/Functions/Engine_MaterialFunctions02/ExampleContent/DebugNumberStrip.uasset" 61
"../../../Engine/Content/Functions/Engine_MaterialFunctions01/Debug/DebugIntValues.uasset" 62
"../../../Engine/Content/Functions/Engine_MaterialFunctions02/WorldPositionOffset/LocalPosition.uasset" 63
"../../../Engine/Content/EditorLandscapeResources/LandscapeLayerUsageMaterial.uasset" 64
"../../../Engine/Content/EditorLandscapeResources/LandscapeThumbnailHeightmap.uasset" 65
"../../../Engine/Content/EditorLandscapeResources/LandscapeThumbnailWeightmap.uasset" 66
"../../../Engine/Content/EditorLandscapeResources/WhiteSquareTexture.uasset" 67
"../../../Engine/Content/EditorLandscapeResources/LayerVisMaterial.uasset" 68
"../../../Engine/Content/EditorLandscapeResources/MaskBrushMaterial.uasset" 69
"../../../Engine/Content/EditorLandscapeResources/MaskBrushMaterial_Gizmo.uasset" 70
"../../../Engine/Content/EditorLandscapeResources/MaskBrushMaterial_MaskedRegion.uasset" 71
"../../../Engine/Content/EditorLandscapeResources/MirrorPlaneMaterial.uasset" 72
"../../../Engine/Content/EditorLandscapeResources/PatternBrushMaterial_Smooth.uasset" 73
"../../../Engine/Content/EditorLandscapeResources/SelectBrushMaterial.uasset" 74
"../../../Engine/Content/EditorLandscapeResources/SelectBrushMaterial_Selected.uasset" 75
"../../../Engine/Content/EditorLandscapeResources/SelectBrushMaterial_SelectedRegion.uasset" 76
"../../../Engine/Content/EditorLandscapeResources/SplineEditorMeshMat.uasset" 77
"../../../Engine/Content/EditorLandscapeResources/SplineEditorMesh.uasset" 78
"../../../Engine/Content/EditorMaterials/Cross.uasset" 79
"../../../Engine/Content/EditorMaterials/Cross_Mat.uasset" 80
"../../../Engine/Content/EditorMaterials/GizmoMaterial.uasset" 81
"../../../Engine/Content/Functions/Engine_MaterialFunctions02/ExampleContent/Textures/flipbook.uasset" 82
"../../../Engine/Content/Functions/Engine_MaterialFunctions02/Texturing/FlipBook.uasset" 83
"../../../Engine/Content/Functions/Engine_MaterialFunctions02/Utility/Sign.uasset" 84
"../../../Engine/Content/Functions/Engine_MaterialFunctions02/Utility/Round.uasset" 85
"../../../Engine/Content/EditorResources/T_EditorHelp.uasset" 86
"../../../Engine/Content/EditorMaterials/HelpActorMaterial.uasset" 87
"../../../Engine/Content/EditorMaterials/CompositeARGBLayer.uasset" 88
"../../../Engine/Content/EditorMaterials/TilingAALineIntegral.uasset" 89
"../../../Engine/Content/EditorMaterials/TilingAALineBoxFiltered.uasset" 90
"../../../Engine/Content/Functions/Engine_MaterialFunctions03/Procedurals/ComputeFilterWidth.uasset" 91
"../../../Engine/Content/EditorMaterials/TilingAADots.uasset" 92
"../../../Engine/Content/EngineMaterials/BlendFunc_DefBase.uasset" 93
"../../../Engine/Content/EngineMaterials/BlendFunc_DefBlend.uasset" 94
"../../../Engine/Content/Functions/Engine_MaterialFunctions03/Blends/Blend_Screen.uasset" 95
"../../../Engine/Content/EditorMaterials/TilingAAGrid.uasset" 96
"../../../Engine/Content/EditorMaterials/LevelGridMaterial.uasset" 97
"../../../Engine/Content/EditorMaterials/MakeCompositeARGBLayer.uasset" 98
"../../../Engine/Content/EditorResources/LevelGrid1DStripes.uasset" 99
"../../../Engine/Content/EditorMaterials/TextureGridCascaded1D.uasset" 100
"../../../Engine/Content/EditorMaterials/TextureGridCascaded2D.uasset" 101
"../../../Engine/Content/EditorMaterials/LevelGridMaterial2.uasset" 102
"../../../Engine/Content/EditorMaterials/MAT_Groups_Toggle.uasset" 103
"../../../Engine/Content/EditorMaterials/MAT_Groups_Visibility.uasset" 104
"../../../Engine/Content/EditorMaterials/PhAT_BoneSelectedMaterial.uasset" 105
"../../../Engine/Content/EditorMaterials/PhAT_ElemSelectedMaterial.uasset" 106
"../../../Engine/Content/EditorMaterials/PhAT_NoCollisionMaterial.uasset" 107
"../../../Engine/Content/EditorMaterials/PhAT_UnselectedMaterial.uasset" 108
"../../../Engine/Content/EditorMaterials/PreviewShadowIndicator.uasset" 109
"../../../Engine/Content/EditorMaterials/PreviewShadowIndicatorMaterial.uasset" 110
"../../../Engine/Content/EditorMaterials/TargetIcon.uasset" 111
"../../../Engine/Content/EditorMaterials/Tick.uasset" 112
"../../../Engine/Content/EditorMaterials/Tick_Mat.uasset" 113
"../../../Engine/Content/EditorMaterials/WidgetGridVertexColorMaterial.uasset" 114
"../../../Engine/Content/EditorMaterials/WidgetGridVertexColorMaterial_Ma.uasset" 115
"../../../Engine/Content/EditorMaterials/WidgetMaterial.uasset" 116
"../../../Engine/Content/EditorMaterials/WidgetMaterial_Current.uasset" 117
"../../../Engine/Content/EditorMaterials/WidgetMaterial_X.uasset" 118
"../../../Engine/Content/EditorMaterials/WidgetMaterial_Y.uasset" 119
"../../../Engine/Content/EditorMaterials/WidgetMaterial_Z.uasset" 120
"../../../Engine/Content/EditorMaterials/WidgetVertexColorMaterial.uasset" 121
"../../../Engine/Content/EditorMaterials/AssetViewer/EpicQuadPanorama_CC+EV1.uasset" 122
"../../../Engine/Content/MapTemplates/Sky/SunsetAmbientCubemap.uasset" 123
"../../../Engine/Content/EditorMaterials/AssetViewer/M_SkyBox.uasset" 124
"../../../Engine/Content/EditorMaterials/MatineeGroups/MAT_ColorTrack.uasset" 125
"../../../Engine/Content/EditorMaterials/MatineeGroups/MAT_Groups_Anim.uasset" 126
"../../../Engine/Content/EditorMaterials/MatineeGroups/MAT_Groups_AudioMaster.uasset" 127
"../../../Engine/Content/EditorMaterials/MatineeGroups/MAT_Groups_Director.uasset" 128
"../../../Engine/Content/EditorMaterials/MatineeGroups/MAT_Groups_Event.uasset" 129
"../../../Engine/Content/EditorMaterials/MatineeGroups/MAT_Groups_Fade.uasset" 130
"../../../Engine/Content/EditorMaterials/MatineeGroups/MAT_Groups_Float.uasset" 131
"../../../Engine/Content/EditorMaterials/MatineeGroups/MAT_Groups_Move.uasset" 132
"../../../Engine/Content/EditorMaterials/MatineeGroups/MAT_Groups_Slomo.uasset" 133
"../../../Engine/Content/EditorMaterials/MatineeGroups/MAT_Groups_Sound.uasset" 134
"../../../Engine/Content/EditorMaterials/MatineeGroups/MAT_Groups_Vector.uasset" 135
"../../../Engine/Content/EditorMaterials/ParticleSystems/PSysThumbnail_NoImage.uasset" 136
"../../../Engine/Content/EditorMaterials/ParticleSystems/PSysThumbnail_OOD.uasset" 137
"../../../Engine/Content/EngineMaterials/Grid.uasset" 138
"../../../Engine/Content/EditorMaterials/Thumbnails/FloorPlaneMaterial.uasset" 139
"../../../Engine/Content/EditorMeshes/EditorCube.uasset" 140
"../../../Engine/Content/EditorMeshes/EditorCylinder.uasset" 141
"../../../Engine/Content/EditorMeshes/EditorPlane.uasset" 142
"../../../Engine/Content/EditorMaterials/Thumbnails/SkySphereMaterial.uasset" 143
"../../../Engine/Content/EditorMeshes/EditorSkySphere.uasset" 144
"../../../Engine/Content/EditorMeshes/EditorSphere.uasset" 145
"../../../Engine/Content/EditorResources/MatineeCam_D.uasset" 146
"../../../Engine/Content/EditorMaterials/MatineeCam_mat.uasset" 147
"../../../Engine/Content/EditorMeshes/MatineeCam_SM.uasset" 148
"../../../Engine/Content/EditorMeshes/PlanarReflectionPlane.uasset" 149
"../../../Engine/Content/Functions/Engine_MaterialFunctions01/Shading/ConvertFromDiffSpec.uasset" 150
"../../../Engine/Content/EditorMaterials/GridMaterial.uasset" 151
"../../../Engine/Content/EditorMeshes/AssetViewer/Floor_Mesh.uasset" 152
"../../../Engine/Content/EditorMeshes/AssetViewer/Sphere_inversenormals.uasset" 153
"../../../Engine/Content/EditorMaterials/Camera/CineMat.uasset" 154
"../../../Engine/Content/EditorMaterials/Camera/MI_CineMat_CameraBody.uasset" 155
"../../../Engine/Content/EngineDebugMaterials/M_SimpleOpaque.uasset" 156
"../../../Engine/Content/EditorMaterials/Camera/MI_CineMat_CamViewFinder.uasset" 157
"../../../Engine/Content/EditorMeshes/Camera/SM_CineCam.uasset" 158
"../../../Engine/Content/EditorMaterials/Camera/MI_CineMat_Rig.uasset" 159
"../../../Engine/Content/EditorMeshes/Camera/SM_CraneRig_Arm.uasset" 160
"../../../Engine/Content/EditorMeshes/Camera/SM_CraneRig_Base.uasset" 161
"../../../Engine/Content/EditorMeshes/Camera/SM_CraneRig_Body.uasset" 162
"../../../Engine/Content/EditorMeshes/Camera/SM_CraneRig_Mount.uasset" 163
"../../../Engine/Content/EditorMeshes/Camera/SM_RailRig_Mount.uasset" 164
"../../../Engine/Content/EditorMeshes/Camera/SM_RailRig_Track.uasset" 165
"../../../Engine/Content/EditorMeshes/ColorCalibrator/M_ChromeBall.uasset" 166
"../../../Engine/Content/EditorResources/Bad.uasset" 167
"../../../Engine/Content/EditorResources/BSPVertex.uasset" 168
"../../../Engine/Content/EditorResources/EmptyActor.uasset" 169
"../../../Engine/Content/EditorResources/MatInstActSprite.uasset" 170
"../../../Engine/Content/EditorResources/SceneManager.uasset" 171
"../../../Engine/Content/EditorResources/SmallFont.uasset" 172
"../../../Engine/Content/EditorResources/S_Actor.uasset" 173
"../../../Engine/Content/EditorResources/S_DecalActorIcon.uasset" 174
"../../../Engine/Content/EditorResources/S_Emitter.uasset" 175
"../../../Engine/Content/EditorResources/S_ExpoHeightFog.uasset" 176
"../../../Engine/Content/EditorResources/S_FTest.uasset" 177
"../../../Engine/Content/EditorResources/S_KBSJoint.uasset" 178
"../../../Engine/Content/EditorResources/S_KHinge.uasset" 179
"../../../Engine/Content/EditorResources/S_KPrismatic.uasset" 180
"../../../Engine/Content/EditorResources/S_LevelSequence.uasset" 181
"../../../Engine/Content/EditorResources/S_NavP.uasset" 182
"../../../Engine/Content/EditorResources/S_Note.uasset" 183
"../../../Engine/Content/EditorResources/S_Player.uasset" 184
"../../../Engine/Content/EditorResources/S_PortalActorIcon2.uasset" 185
"../../../Engine/Content/EditorResources/S_RadForce.uasset" 186
"../../../Engine/Content/EditorResources/S_ReflActorIcon.uasset" 187
"../../../Engine/Content/EditorResources/S_Solver.uasset" 188
"../../../Engine/Content/EditorResources/S_Terrain.uasset" 189
"../../../Engine/Content/EditorResources/S_TextRenderActorIcon.uasset" 190
"../../../Engine/Content/EditorResources/S_Thruster.uasset" 191
"../../../Engine/Content/EditorResources/S_Trigger.uasset" 192
"../../../Engine/Content/EditorResources/S_VectorFieldVol.uasset" 193
"../../../Engine/Content/EditorResources/S_WindDirectional.uasset" 194
"../../../Engine/Content/EditorResources/AI/S_NavLink.uasset" 195
"../../../Engine/Content/EditorResources/AudioIcons/S_AudioComponent_AutoActivate.uasset" 196
"../../../Engine/Content/EditorResources/LightIcons/SkyLight.uasset" 197
"../../../Engine/Content/EditorResources/LightIcons/S_LightDirectional.uasset" 198
"../../../Engine/Content/EditorResources/LightIcons/S_LightDirectionalMove.uasset" 199
"../../../Engine/Content/EditorResources/LightIcons/S_LightError.uasset" 200
"../../../Engine/Content/EditorResources/LightIcons/S_LightPoint.uasset" 201
"../../../Engine/Content/EditorResources/LightIcons/S_LightPointMove.uasset" 202
"../../../Engine/Content/EditorResources/LightIcons/S_LightSpot.uasset" 203
"../../../Engine/Content/EditorResources/LightIcons/S_LightSpotMove.uasset" 204
"../../../Engine/Content/EditorResources/SequenceRecorder/Countdown.uasset" 205
"../../../Engine/Content/EditorResources/SequenceRecorder/RecordingIndicator.uasset" 206
"../../../Engine/Content/EditorResources/Spline/T_Loft_Spline.uasset" 207
"../../../Engine/Content/EditorSounds/Notifications/CompileFailed.uasset" 208
"../../../Engine/Content/EditorSounds/Notifications/CompileFailed_Cue.uasset" 209
"../../../Engine/Content/EditorSounds/Notifications/CompileSuccess.uasset" 210
"../../../Engine/Content/EditorSounds/Notifications/CompileStart_Cue.uasset" 211
"../../../Engine/Content/EditorSounds/Notifications/CompileSuccess_Cue.uasset" 212
"../../../Engine/Content/EngineDamageTypes/DmgTypeBP_Environmental.uasset" 213
"../../../Engine/Content/EngineDebugMaterials/HeatmapGradient.uasset" 214
"../../../Engine/Content/EngineDebugMaterials/BoneWeightMaterial.uasset" 215
"../../../Engine/Content/EngineDebugMaterials/ClothMaterial.uasset" 216
"../../../Engine/Content/EngineDebugMaterials/ClothMaterial_WF.uasset" 217
"../../../Engine/Content/EngineDebugMaterials/DebugEditorMaterial.uasset" 218
"../../../Engine/Content/EngineDebugMaterials/DebugMeshMaterial.uasset" 219
"../../../Engine/Content/EngineDebugMaterials/GeomMaterial.uasset" 220
"../../../Engine/Content/EngineDebugMaterials/LevelColorationLitMaterial.uasset" 221
"../../../Engine/Content/EngineDebugMaterials/LevelColorationUnlitMaterial.uasset" 222
"../../../Engine/Content/EngineMaterials/DefaultWhiteGrid.uasset" 223
"../../../Engine/Content/EngineDebugMaterials/MAT_LevelColorationLitLightmapUV.uasset" 224
"../../../Engine/Content/EngineDebugMaterials/M_SimpleTranslucent.uasset" 225
"../../../Engine/Content/Functions/Engine_MaterialFunctions02/Utility/CameraDirectionVector.uasset" 226
"../../../Engine/Content/EngineDebugMaterials/VolumeToRender.uasset" 227
"../../../Engine/Content/EngineDebugMaterials/M_VolumeRenderSphereTracePP.uasset" 228
"../../../Engine/Content/EngineDebugMaterials/ShadedLevelColorationLitMaterial.uasset" 229
"../../../Engine/Content/EngineDebugMaterials/ShadedLevelColorationUnlitMateri.uasset" 230
"../../../Engine/Content/EngineDebugMaterials/VertexColorMaterial.uasset" 231
"../../../Engine/Content/EngineDebugMaterials/VertexColorViewMode_AlphaAsColor.uasset" 232
"../../../Engine/Content/EngineDebugMaterials/VertexColorViewMode_BlueOnly.uasset" 233
"../../../Engine/Content/EngineDebugMaterials/VertexColorViewMode_ColorOnly.uasset" 234
"../../../Engine/Content/EngineDebugMaterials/VertexColorViewMode_GreenOnly.uasset" 235
"../../../Engine/Content/EngineDebugMaterials/VertexColorViewMode_RedOnly.uasset" 236
"../../../Engine/Content/EngineDebugMaterials/WireframeMaterial.uasset" 237
"../../../Engine/Content/EngineFonts/Faces/RobotoBold.uasset" 238
"../../../Engine/Content/EngineFonts/Faces/RobotoBoldItalic.uasset" 239
"../../../Engine/Content/EngineFonts/Faces/RobotoItalic.uasset" 240
"../../../Engine/Content/EngineFonts/Faces/RobotoLight.uasset" 241
"../../../Engine/Content/EngineFonts/Faces/RobotoRegular.uasset" 242
"../../../Engine/Content/EngineFonts/Roboto.uasset" 243
"../../../Engine/Content/EngineFonts/Faces/RobotoTiny.uasset" 244
"../../../Engine/Content/EngineFonts/RobotoTiny.uasset" 245
"../../../Engine/Content/EngineFonts/SmallFont.uasset" 246
"../../../Engine/Content/EngineFonts/TinyFont.uasset" 247
"../../../Engine/Content/EngineMaterials/BaseFlattenDiffuseMap.uasset" 248
"../../../Engine/Content/EngineMaterials/BaseFlattenEmissiveMap.uasset" 249
"../../../Engine/Content/EngineMaterials/BaseFlattenGrayscaleMap.uasset" 250
"../../../Engine/Content/EngineMaterials/BaseFlattenNormalMap.uasset" 251
"../../../Engine/Content/EngineMaterials/BaseFlattenMaterial.uasset" 252
"../../../Engine/Content/EngineResources/WhiteSquareTexture.uasset" 253
"../../../Engine/Content/EngineMaterials/BlinkingCaret.uasset" 254
"../../../Engine/Content/EngineMaterials/BlueNoise.uasset" 255
"../../../Engine/Content/EngineMaterials/DefaultBloomKernel.uasset" 256
"../../../Engine/Content/EngineMaterials/DefaultBokeh.uasset" 257
"../../../Engine/Content/EngineMaterials/DefaultDeferredDecalMaterial.uasset" 258
"../../../Engine/Content/EngineMaterials/DefaultLightFunctionMaterial.uasset" 259
"../../../Engine/Content/EngineMaterials/DefaultNormal.uasset" 260
"../../../Engine/Content/EngineMaterials/DefaultPostProcessMaterial.uasset" 261
"../../../Engine/Content/EngineFonts/RobotoDistanceField.uasset" 262
"../../../Engine/Content/EngineMaterials/DefaultTextMaterialOpaque.uasset" 263
"../../../Engine/Content/EngineMaterials/DefaultVirtualTextureMaterial.uasset" 264
"../../../Engine/Content/EngineMaterials/EditorBrushMaterial.uasset" 265
"../../../Engine/Content/EngineMaterials/DefaultWhiteGrid_Low.uasset" 266
"../../../Engine/Content/EngineMaterials/EmissiveMeshMaterial.uasset" 267
"../../../Engine/Content/EngineMaterials/Good64x64TilingNoiseHighFreq.uasset" 268
"../../../Engine/Content/EngineMaterials/Grid_N.uasset" 269
"../../../Engine/Content/EngineMaterials/HighResolutionScreenshotMaskFunction.uasset" 270
"../../../Engine/Content/EngineMaterials/HighResScreenshot.uasset" 271
"../../../Engine/Content/EngineMaterials/HighResScreenshotCaptureRegion.uasset" 272
"../../../Engine/Content/EngineMaterials/HighResScreenshotMask.uasset" 273
"../../../Engine/Content/EngineMaterials/LandscapeHolePhysicalMaterial.uasset" 274
"../../../Engine/Content/EngineMaterials/InvalidLightmapSettings.uasset" 275
"../../../Engine/Content/EngineMaterials/M_InvalidLightmapSettings.uasset" 276
"../../../Engine/Content/EngineMaterials/PaperDiffuse.uasset" 277
"../../../Engine/Content/EngineMaterials/PaperNormal.uasset" 278
"../../../Engine/Content/Functions/Engine_MaterialFunctions02/WorldPositionOffset/CameraOffset.uasset" 279
"../../../Engine/Content/EngineMaterials/PhAT_JointLimitMaterial.uasset" 280
"../../../Engine/Content/EngineMaterials/PhysMat_Rubber.uasset" 281
"../../../Engine/Content/EngineMaterials/PreintegratedSkinBRDF.uasset" 282
"../../../Engine/Content/EngineMaterials/RemoveSurfaceMaterial.uasset" 283
"../../../Engine/Content/EngineMaterials/WeightMapPlaceholderTexture.uasset" 284
"../../../Engine/Content/EngineMaterials/Widget3DPassThrough.uasset" 285
"../../../Engine/Content/EngineMaterials/Widget3DPassThrough_Masked.uasset" 286
"../../../Engine/Content/EngineMaterials/Widget3DPassThrough_Opaque.uasset" 287
"../../../Engine/Content/EngineMaterials/Widget3DPassThrough_Masked_OneSided.uasset" 288
"../../../Engine/Content/EngineMaterials/Widget3DPassThrough_Opaque_OneSided.uasset" 289
"../../../Engine/Content/EngineMaterials/Widget3DPassThrough_Translucent.uasset" 290
"../../../Engine/Content/EngineMaterials/Widget3DPassThrough_Translucent_OneSided.uasset" 291
"../../../Engine/Content/EngineMeshes/Cylinder.uasset" 292
"../../../Engine/Content/EngineMeshes/Sphere.uasset" 293
"../../../Engine/Content/EngineResources/Black.uasset" 294
"../../../Engine/Content/EngineResources/DefaultTexture.uasset" 295
"../../../Engine/Content/EngineResources/DefaultTextureCube.uasset" 296
"../../../Engine/Content/EngineResources/DefaultVolumeTexture2D.uasset" 297
"../../../Engine/Content/EngineResources/DefaultVolumeTexture.uasset" 298
"../../../Engine/Content/EngineResources/GradientTexture0.uasset" 299
"../../../Engine/Content/EngineResources/StreamingPauseIcon.uasset" 300
"../../../Engine/Content/EngineResources/M_StreamingPause.uasset" 301
"../../../Engine/Content/EngineSounds/Master.uasset" 302
"../../../Engine/Content/Functions/Engine_MaterialFunctions01/Shading/PowerToRoughness.uasset" 303
"../../../Engine/Content/Maps/Templates/Thumbnails/Default.uasset" 304
"../../../Engine/Content/Maps/Templates/Thumbnails/VR-Basic.uasset" 305
"../../../Engine/Content/MapTemplates/Sky/DaylightAmbientCubemap.uasset" 306
"../../../Engine/Content/MobileResources/T_MobileControls_texture.uasset" 307
"../../../Engine/Content/MobileResources/T_MobileMenu2.uasset" 308
"../../../Engine/Content/MobileResources/HUD/AnalogHat.uasset" 309
"../../../Engine/Content/MobileResources/HUD/VirtualJoystick_Background.uasset" 310
"../../../Engine/Content/MobileResources/HUD/VirtualJoystick_Thumb.uasset" 311
"../../../Engine/Content/MobileResources/HUD/DefaultVirtualJoysticks.uasset" 312
"../../../Engine/Content/MobileResources/HUD/LeftVirtualJoystickOnly.uasset" 313
"../../../Engine/Content/MobileResources/HUD/MobileHUDButton1_off.uasset" 314
"../../../Engine/Content/MobileResources/HUD/MobileHUDButton1_on.uasset" 315
"../../../Engine/Content/MobileResources/HUD/MobileHUDButton2_off.uasset" 316
"../../../Engine/Content/MobileResources/HUD/MobileHUDButton2_on.uasset" 317
"../../../Engine/Content/MobileResources/HUD/MobileHUDButton3.uasset" 318
"../../../Engine/Content/MobileResources/HUD/MobileHUDButtonFire.uasset" 319
"../../../Engine/Content/MobileResources/HUD/MobileHUDDirectionPad.uasset" 320
"../../../Engine/Content/MobileResources/HUD/MobileHUDDirectionPad2.uasset" 321
"../../../Engine/Content/MobileResources/HUD/MobileHUDDirectionPad3.uasset" 322
"../../../Engine/Content/MobileResources/HUD/MobileHUDDirectionStick.uasset" 323
"../../../Engine/Content/MobileResources/HUD/T_Castle_ThumbstickInner.uasset" 324
"../../../Engine/Content/MobileResources/HUD/T_Castle_ThumbstickOutter.uasset" 325
"../../../Engine/Content/TemplateResources/M_Template_Master.uasset" 326
"../../../Engine/Content/TemplateResources/MI_Template_BaseGray_03_Metal.uasset" 327
"../../../Engine/Content/Tutorial/ContentIntroCurve.uasset" 328
"../../../Engine/Content/Tutorial/Basics/LevelEditorAttract.uasset" 329
"../../../Engine/Content/Tutorial/Basics/TutorialAssets/icon_tab_Levels_40x.uasset" 330
"../../../Engine/Content/Tutorial/Basics/LevelEditorOverview.uasset" 331
"../../../Engine/Content/Tutorial/Landscape/TutorialAssets/Landscape.uasset" 332
"../../../Engine/Content/Tutorial/Landscape/LandscapeWalkThrough.uasset" 333
"../../../Engine/Content/Tutorial/Landscape/Landscape_Manage_Mode.uasset" 334
"../../../Engine/Content/EditorBlueprintResources/StandardMacros.uasset" 335
"../../../Engine/Content/Tutorial/Landscape/Landscape_Painting_Mode.uasset" 336
"../../../Engine/Content/Tutorial/Landscape/Landscape_Sculpt_Mode.uasset" 337
"../../../Engine/Content/Tutorial/SubEditors/MaterialEditorTutorial.uasset" 338
"../../../Engine/Content/Tutorial/SubEditors/TutorialAssets/TutorialMaterial.uasset" 339
"../../../Engine/Content/EngineMaterials/NewBaseFlattenMaterial.uasset" 340
"../../../../../GitHub/Steminar-Duck-Game/Content/StarterContent/Architecture/M_Floor_400x400_T_Smoke_Tiled_Mat_98E155823340DF04F9A760B20A4D014F.uasset" 341
"../../../../../GitHub/Steminar-Duck-Game/Content/StarterContent/Audio/Starter_Birds01.uasset" 342
"../../../../../GitHub/Steminar-Duck-Game/Content/StarterContent/Audio/Starter_Wind05.uasset" 343
"../../../../../GitHub/Steminar-Duck-Game/Content/StarterContent/Audio/Starter_Wind06.uasset" 344
"../../../Engine/Content/VREditor/LaserPointer/VR_LaserPower_01.uasset" 345
"../../../Engine/Content/VREditor/TransformGizmo/TransformGizmoMaterial.uasset" 346
"../../../Engine/Content/VREditor/TransformGizmo/TranslucentTransformGizmoMaterial.uasset" 347
"../../../Engine/Content/VREditor/TransformGizmo/BoundingBoxCorner.uasset" 348
"../../../Engine/Content/VREditor/TransformGizmo/BoundingBoxEdge.uasset" 349
"../../../Engine/Content/VREditor/TransformGizmo/PlaneTranslationHandle.uasset" 350
"../../../Engine/Content/VREditor/TransformGizmo/Main.uasset" 351
"../../../Engine/Content/VREditor/TransformGizmo/Xray.uasset" 352
"../../../Engine/Content/VREditor/TransformGizmo/SM_Sequencer_Key.uasset" 353
"../../../Engine/Content/VREditor/TransformGizmo/SM_Sequencer_Node.uasset" 354
"../../Plugins/2D/Paper2D/Content/PlaceholderTextures/DummySpriteTexture.uasset" 355
"../../Plugins/2D/Paper2D/Content/DummySprite.uasset" 356
"../../Plugins/2D/Paper2D/Content/DefaultPaperTerrainMaterial.uasset" 357
"../../Plugins/2D/Paper2D/Content/DefaultSpriteMaterial.uasset" 358
"../../Plugins/2D/Paper2D/Content/MaskedUnlitSpriteMaterial.uasset" 359
"../../Plugins/2D/Paper2D/Content/OpaqueUnlitSpriteMaterial.uasset" 360
"../../Plugins/Runtime/Oculus/OculusVR/Content/OculusMR_RenderTarget.uasset" 361
"../../../Engine/Content/Functions/Engine_MaterialFunctions02/Utility/BreakOutFloat4Components.uasset" 362
"../../Plugins/Runtime/Oculus/OculusVR/Content/Materials/OculusMR_ChromaKey.uasset" 363
"../../Plugins/Runtime/Oculus/OculusVR/Content/Materials/OculusMR_ChromaKey_Lit.uasset" 364
"../../Plugins/Runtime/Oculus/OculusVR/Content/Materials/OculusMR_OpaqueColoredMaterial.uasset" 365
"../../Plugins/Runtime/Oculus/OculusVR/Content/Materials/OculusMR_WhiteMaterial.uasset" 366
"../../../../../GitHub/Steminar-Duck-Game/Content/NecrosUtilityMatPack/textures/common/t_roughness_01_m.uasset" 367
"../../../../../GitHub/Steminar-Duck-Game/Content/NecrosUtilityMatPack/textures/dirt/t_asphalt_01/t_asphalt_01_d.uasset" 368
"../../../../../GitHub/Steminar-Duck-Game/Content/NecrosUtilityMatPack/textures/dirt/t_asphalt_01/t_asphalt_01_n.uasset" 369
"../../../../../GitHub/Steminar-Duck-Game/Content/NecrosUtilityMatPack/materials/floor/masters/m_asphalt.uasset" 370
"../../../../../GitHub/Steminar-Duck-Game/Content/NecrosUtilityMatPack/materials/floor/mi_asphalt_wet.uasset" 371
"../../../Engine/Content/Functions/Engine_MaterialFunctions01/ImageAdjustment/CheapContrast_RGB.uasset" 372
"../../../Engine/Content/Functions/Engine_MaterialFunctions01/Texturing/FlattenNormal.uasset" 373
"../../../../../GitHub/Steminar-Duck-Game/Content/NecrosUtilityMatPack/textures/dirt/t_caliche_01/t_caliche_01_ao.uasset" 374
"../../../../../GitHub/Steminar-Duck-Game/Content/NecrosUtilityMatPack/textures/dirt/t_caliche_01/t_caliche_01_d.uasset" 375
"../../../../../GitHub/Steminar-Duck-Game/Content/NecrosUtilityMatPack/textures/dirt/t_caliche_01/t_caliche_01_n.uasset" 376
"../../../../../GitHub/Steminar-Duck-Game/Content/NecrosUtilityMatPack/textures/dirt/t_caliche_01/t_caliche_01_r.uasset" 377
"../../../../../GitHub/Steminar-Duck-Game/Content/NecrosUtilityMatPack/textures/dirt/t_caliche_02/t_caliche_02_ao.uasset" 378
"../../../../../GitHub/Steminar-Duck-Game/Content/NecrosUtilityMatPack/textures/dirt/t_caliche_02/t_caliche_02_d.uasset" 379
"../../../../../GitHub/Steminar-Duck-Game/Content/NecrosUtilityMatPack/textures/dirt/t_caliche_02/t_caliche_02_n.uasset" 380
"../../../../../GitHub/Steminar-Duck-Game/Content/NecrosUtilityMatPack/materials/floor/masters/m_caliche_01.uasset" 381
"../../../../../GitHub/Steminar-Duck-Game/Content/NecrosUtilityMatPack/materials/floor/mi_caliche_01_gray.uasset" 382
"../../../../../GitHub/Steminar-Duck-Game/Content/NecrosUtilityMatPack/materials/floor/mi_caliche_01_red.uasset" 383
"../../../../../GitHub/Steminar-Duck-Game/Content/NecrosUtilityMatPack/materials/floor/masters/m_caliche_02.uasset" 384
"../../../../../GitHub/Steminar-Duck-Game/Content/NecrosUtilityMatPack/materials/floor/mi_caliche_02_gray.uasset" 385
"../../../Engine/Content/Functions/Engine_MaterialFunctions02/Utility/BlendAngleCorrectedNormals.uasset" 386
"../../../../../GitHub/Steminar-Duck-Game/Content/NecrosUtilityMatPack/textures/common/t_groutlines_01_m.uasset" 387
"../../../../../GitHub/Steminar-Duck-Game/Content/NecrosUtilityMatPack/textures/common/t_groutlines_01_n.uasset" 388
"../../../../../GitHub/Steminar-Duck-Game/Content/NecrosUtilityMatPack/textures/common/t_roughness_02_m.uasset" 389
"../../../../../GitHub/Steminar-Duck-Game/Content/NecrosUtilityMatPack/textures/floor/t_concrete_01/t_concrete_01_d.uasset" 390
"../../../../../GitHub/Steminar-Duck-Game/Content/NecrosUtilityMatPack/textures/floor/t_concrete_01/t_concrete_01_n.uasset" 391
"../../../../../GitHub/Steminar-Duck-Game/Content/NecrosUtilityMatPack/materials/floor/masters/m_concrete_floor_panels.uasset" 392
"../../../../../GitHub/Steminar-Duck-Game/Content/NecrosUtilityMatPack/materials/floor/mi_concrete_panels_staggered_yellow.uasset" 393
"../../../Engine/Content/Functions/Engine_MaterialFunctions02/PassThrough.uasset" 394
"../../../../../GitHub/Steminar-Duck-Game/Content/NecrosUtilityMatPack/textures/common/t_rust_02_d.uasset" 395
"../../../../../GitHub/Steminar-Duck-Game/Content/NecrosUtilityMatPack/textures/common/t_rust_02_n.uasset" 396
"../../../../../GitHub/Steminar-Duck-Game/Content/NecrosUtilityMatPack/textures/common/t_splatter_01_m.uasset" 397
"../../../../../GitHub/Steminar-Duck-Game/Content/NecrosUtilityMatPack/textures/metal/t_diamondplate_01/t_diamondplate_01_m.uasset" 398
"../../../../../GitHub/Steminar-Duck-Game/Content/NecrosUtilityMatPack/textures/metal/t_diamondplate_01/t_diamondplate_01_n.uasset" 399
"../../../../../GitHub/Steminar-Duck-Game/Content/NecrosUtilityMatPack/textures/metal/t_steel_01/t_steel_01_d.uasset" 400
"../../../../../GitHub/Steminar-Duck-Game/Content/NecrosUtilityMatPack/textures/metal/t_steel_01/t_steel_01_n.uasset" 401
"../../../../../GitHub/Steminar-Duck-Game/Content/NecrosUtilityMatPack/materials/floor/masters/m_diamondplate_01.uasset" 402
"../../../../../GitHub/Steminar-Duck-Game/Content/NecrosUtilityMatPack/materials/floor/mi_diamondplate_anodized_yellow.uasset" 403
"../../../../../GitHub/Steminar-Duck-Game/Content/NecrosUtilityMatPack/materials/floor/mi_diamondplate_chrome.uasset" 404
"../../../../../GitHub/Steminar-Duck-Game/Content/NecrosUtilityMatPack/materials/floor/mi_diamondplate_painted_rusty_yellow.uasset" 405
"../../../../../GitHub/Steminar-Duck-Game/Content/NecrosUtilityMatPack/materials/floor/mi_diamondplate_painted_yellow.uasset" 406
"../../../../../GitHub/Steminar-Duck-Game/Content/NecrosUtilityMatPack/materials/floor/mi_diamondplate_rusty_chrome.uasset" 407
"../../../../../GitHub/Steminar-Duck-Game/Content/NecrosUtilityMatPack/textures/common/t_noise_01_n.uasset" 408
"../../../../../GitHub/Steminar-Duck-Game/Content/NecrosUtilityMatPack/textures/floor/t_rubbermat_01/t_rubbermat_01_ao.uasset" 409
"../../../../../GitHub/Steminar-Duck-Game/Content/NecrosUtilityMatPack/textures/floor/t_rubbermat_01/t_rubbermat_01_d.uasset" 410
"../../../../../GitHub/Steminar-Duck-Game/Content/NecrosUtilityMatPack/textures/floor/t_rubbermat_01/t_rubbermat_01_n.uasset" 411
"../../../../../GitHub/Steminar-Duck-Game/Content/NecrosUtilityMatPack/materials/floor/masters/m_diamond_pattern.uasset" 412
"../../../../../GitHub/Steminar-Duck-Game/Content/NecrosUtilityMatPack/materials/floor/mi_diamond_metal_copper.uasset" 413
"../../../../../GitHub/Steminar-Duck-Game/Content/NecrosUtilityMatPack/materials/floor/mi_diamond_metal_red.uasset" 414
"../../../../../GitHub/Steminar-Duck-Game/Content/NecrosUtilityMatPack/materials/floor/mi_diamond_rubber_black.uasset" 415
"../../../../../GitHub/Steminar-Duck-Game/Content/NecrosUtilityMatPack/materials/floor/mi_diamond_rubber_red.uasset" 416
"../../../../../GitHub/Steminar-Duck-Game/Content/NecrosUtilityMatPack/textures/common/t_groutlines_03_n.uasset" 417
"../../../../../GitHub/Steminar-Duck-Game/Content/NecrosUtilityMatPack/textures/floor/t_floortile_01_m.uasset" 418
"../../../../../GitHub/Steminar-Duck-Game/Content/NecrosUtilityMatPack/materials/floor/masters/m_ceramic_floor_tile.uasset" 419
"../../../../../GitHub/Steminar-Duck-Game/Content/NecrosUtilityMatPack/materials/floor/mi_floortile_staggered_brown.uasset" 420
"../../../../../GitHub/Steminar-Duck-Game/Content/NecrosUtilityMatPack/materials/floor/mi_floortile_straight_turquoise.uasset" 421
"../../../../../GitHub/Steminar-Duck-Game/Content/NecrosUtilityMatPack/materials/floor/mi_floortile_straight_white.uasset" 422
"../../../Engine/Content/Functions/Engine_MaterialFunctions01/Gradient/LinearGradient.uasset" 423
"../../../Engine/Content/Functions/Engine_MaterialFunctions01/ImageAdjustment/CheapContrast.uasset" 424
"../../../../../GitHub/Steminar-Duck-Game/Content/NecrosUtilityMatPack/textures/floor/t_wood_floor_01/t_wood_floor_01_d.uasset" 425
"../../../../../GitHub/Steminar-Duck-Game/Content/NecrosUtilityMatPack/textures/floor/t_wood_floor_01/t_wood_floor_01_n.uasset" 426
"../../../../../GitHub/Steminar-Duck-Game/Content/NecrosUtilityMatPack/textures/floor/t_wood_floor_01/t_wood_floor_01_r.uasset" 427
"../../../../../GitHub/Steminar-Duck-Game/Content/NecrosUtilityMatPack/materials/floor/masters/m_wood_floor_worn.uasset" 428
"../../../../../GitHub/Steminar-Duck-Game/Content/NecrosUtilityMatPack/materials/floor/mi_wood_floor_worn.uasset" 429
"../../../Engine/Content/Functions/Engine_MaterialFunctions02/SplitComponents.uasset" 430
"../../../../../GitHub/Steminar-Duck-Game/Content/NecrosUtilityMatPack/textures/rock/t_rock_01/t_rock_01_m.uasset" 431
"../../../../../GitHub/Steminar-Duck-Game/Content/NecrosUtilityMatPack/textures/rock/t_rock_02/t_rock_02_d.uasset" 432
"../../../../../GitHub/Steminar-Duck-Game/Content/NecrosUtilityMatPack/textures/rock/t_rock_02/t_rock_02_n.uasset" 433
"../../../../../GitHub/Steminar-Duck-Game/Content/NecrosUtilityMatPack/materials/misc/masters/m_inferno.uasset" 434
"../../../../../GitHub/Steminar-Duck-Game/Content/NecrosUtilityMatPack/materials/misc/mi_blood_water_bright.uasset" 435
"../../../../../GitHub/Steminar-Duck-Game/Content/NecrosUtilityMatPack/materials/misc/mi_blood_water_dark.uasset" 436
"../../../../../GitHub/Steminar-Duck-Game/Content/NecrosUtilityMatPack/textures/dirt/t_crackedmud_01/t_crackedmud_01_d.uasset" 437
"../../../../../GitHub/Steminar-Duck-Game/Content/NecrosUtilityMatPack/textures/dirt/t_crackedmud_01/t_crackedmud_01_m.uasset" 438
"../../../../../GitHub/Steminar-Duck-Game/Content/NecrosUtilityMatPack/textures/dirt/t_crackedmud_01/t_crackedmud_01_n.uasset" 439
"../../../../../GitHub/Steminar-Duck-Game/Content/NecrosUtilityMatPack/materials/misc/masters/m_crackedmud.uasset" 440
"../../../../../GitHub/Steminar-Duck-Game/Content/NecrosUtilityMatPack/materials/misc/mi_crackedmud_brown.uasset" 441
"../../../../../GitHub/Steminar-Duck-Game/Content/NecrosUtilityMatPack/materials/misc/mi_crackedmud_gray.uasset" 442
"../../../../../GitHub/Steminar-Duck-Game/Content/NecrosUtilityMatPack/materials/misc/mi_inferno_yellow.uasset" 443
"../../../Engine/Content/Functions/Engine_MaterialFunctions03/Blends/Blend_Overlay.uasset" 444
"../../../../../GitHub/Steminar-Duck-Game/Content/NecrosUtilityMatPack/textures/misc/t_leather_01/t_leather_01_d.uasset" 445
"../../../../../GitHub/Steminar-Duck-Game/Content/NecrosUtilityMatPack/textures/misc/t_leather_01/t_leather_01_n.uasset" 446
"../../../../../GitHub/Steminar-Duck-Game/Content/NecrosUtilityMatPack/materials/misc/masters/m_leather.uasset" 447
"../../../../../GitHub/Steminar-Duck-Game/Content/NecrosUtilityMatPack/materials/misc/mi_leather_worn.uasset" 448
"../../../Engine/Content/Functions/Engine_MaterialFunctions01/Opacity/AlphaOffset.uasset" 449
"../../../../../GitHub/Steminar-Duck-Game/Content/NecrosUtilityMatPack/textures/rock/t_rock_02/t_rock_02_m.uasset" 450
"../../../../../GitHub/Steminar-Duck-Game/Content/NecrosUtilityMatPack/material_functions/mf_rust_mask.uasset" 451
"../../../../../GitHub/Steminar-Duck-Game/Content/NecrosUtilityMatPack/materials/misc/masters/m_paintedrust_01.uasset" 452
"../../../../../GitHub/Steminar-Duck-Game/Content/NecrosUtilityMatPack/materials/misc/mi_paintedrust_gold.uasset" 453
"../../../../../GitHub/Steminar-Duck-Game/Content/NecrosUtilityMatPack/materials/misc/mi_paintedrust_red.uasset" 454
"../../../../../GitHub/Steminar-Duck-Game/Content/NecrosUtilityMatPack/materials/misc/mi_paintedrust_white.uasset" 455
"../../../../../GitHub/Steminar-Duck-Game/Content/NecrosUtilityMatPack/materials/misc/mi_paintedrust_yellow.uasset" 456
"../../../../../GitHub/Steminar-Duck-Game/Content/NecrosUtilityMatPack/textures/rock/t_rock_01/t_rock_01_d.uasset" 457
"../../../../../GitHub/Steminar-Duck-Game/Content/NecrosUtilityMatPack/textures/rock/t_rock_01/t_rock_01_n.uasset" 458
"../../../../../GitHub/Steminar-Duck-Game/Content/NecrosUtilityMatPack/materials/misc/masters/m_rock_01.uasset" 459
"../../../../../GitHub/Steminar-Duck-Game/Content/NecrosUtilityMatPack/materials/misc/mi_rock_bloodsoaked.uasset" 460
"../../../../../GitHub/Steminar-Duck-Game/Content/NecrosUtilityMatPack/materials/misc/mi_rock_dull.uasset" 461
"../../../../../GitHub/Steminar-Duck-Game/Content/NecrosUtilityMatPack/materials/misc/mi_rock_ironrich.uasset" 462
"../../../../../GitHub/Steminar-Duck-Game/Content/NecrosUtilityMatPack/materials/misc/mi_rock_red.uasset" 463
"../../../../../GitHub/Steminar-Duck-Game/Content/NecrosUtilityMatPack/textures/dirt/t_mud_01/t_mud_01_d.uasset" 464
"../../../../../GitHub/Steminar-Duck-Game/Content/NecrosUtilityMatPack/textures/dirt/t_mud_01/t_mud_01_n.uasset" 465
"../../../../../GitHub/Steminar-Duck-Game/Content/NecrosUtilityMatPack/material_functions/mf_mud.uasset" 466
"../../../../../GitHub/Steminar-Duck-Game/Content/NecrosUtilityMatPack/materials/misc/masters/m_smoothmud.uasset" 467
"../../../../../GitHub/Steminar-Duck-Game/Content/NecrosUtilityMatPack/materials/misc/mi_smoothmud_brown.uasset" 468
"../../../../../GitHub/Steminar-Duck-Game/Content/NecrosUtilityMatPack/materials/misc/mi_smoothmud_gray.uasset" 469
"../../../../../GitHub/Steminar-Duck-Game/Content/NecrosUtilityMatPack/textures/grass/t_staw_01/t_straw_01_ao.uasset" 470
"../../../../../GitHub/Steminar-Duck-Game/Content/NecrosUtilityMatPack/textures/grass/t_staw_01/t_straw_01_d.uasset" 471
"../../../../../GitHub/Steminar-Duck-Game/Content/NecrosUtilityMatPack/textures/grass/t_staw_01/t_straw_01_n.uasset" 472
"../../../../../GitHub/Steminar-Duck-Game/Content/NecrosUtilityMatPack/materials/misc/masters/m_straw_01.uasset" 473
"../../../../../GitHub/Steminar-Duck-Game/Content/NecrosUtilityMatPack/materials/misc/mi_straw.uasset" 474
"../../../../../GitHub/Steminar-Duck-Game/Content/NecrosUtilityMatPack/textures/misc/t_tarp_01/t_tarp_01_d.uasset" 475
"../../../../../GitHub/Steminar-Duck-Game/Content/NecrosUtilityMatPack/textures/misc/t_tarp_01/t_tarp_01_m.uasset" 476
"../../../../../GitHub/Steminar-Duck-Game/Content/NecrosUtilityMatPack/textures/misc/t_tarp_01/t_tarp_01_n.uasset" 477
"../../../../../GitHub/Steminar-Duck-Game/Content/NecrosUtilityMatPack/materials/misc/masters/m_tarp.uasset" 478
"../../../../../GitHub/Steminar-Duck-Game/Content/NecrosUtilityMatPack/materials/misc/mi_tarp_gray.uasset" 479
"../../../../../GitHub/Steminar-Duck-Game/Content/NecrosUtilityMatPack/materials/misc/mi_tarp_red.uasset" 480
"../../../../../GitHub/Steminar-Duck-Game/Content/NecrosUtilityMatPack/materials/misc/mi_water_murky_brown.uasset" 481
"../../../../../GitHub/Steminar-Duck-Game/Content/NecrosUtilityMatPack/textures/roof/t_shingles_01/t_shingles_01_ao.uasset" 482
"../../../../../GitHub/Steminar-Duck-Game/Content/NecrosUtilityMatPack/textures/roof/t_shingles_01/t_shingles_01_d.uasset" 483
"../../../../../GitHub/Steminar-Duck-Game/Content/NecrosUtilityMatPack/textures/roof/t_shingles_01/t_shingles_01_h.uasset" 484
"../../../../../GitHub/Steminar-Duck-Game/Content/NecrosUtilityMatPack/textures/roof/t_shingles_01/t_shingles_01_n.uasset" 485
"../../../../../GitHub/Steminar-Duck-Game/Content/NecrosUtilityMatPack/textures/roof/t_shingles_01/t_shingles_01_r.uasset" 486
"../../../../../GitHub/Steminar-Duck-Game/Content/NecrosUtilityMatPack/textures/t_lichen/t_lichen_01_m.uasset" 487
"../../../../../GitHub/Steminar-Duck-Game/Content/NecrosUtilityMatPack/materials/roof/masters/m_roundshingles.uasset" 488
"../../../../../GitHub/Steminar-Duck-Game/Content/NecrosUtilityMatPack/materials/roof/mi_roundshingles_brown.uasset" 489
"../../../../../GitHub/Steminar-Duck-Game/Content/NecrosUtilityMatPack/materials/roof/mi_roundshingles_gray.uasset" 490
"../../../../../GitHub/Steminar-Duck-Game/Content/NecrosUtilityMatPack/materials/roof/mi_roundshingles_red.uasset" 491
"../../../../../GitHub/Steminar-Duck-Game/Content/NecrosUtilityMatPack/textures/roof/t_spanish_tile_01/t_spanish_tile_01_ao.uasset" 492
"../../../../../GitHub/Steminar-Duck-Game/Content/NecrosUtilityMatPack/textures/roof/t_spanish_tile_01/t_spanish_tile_01_d.uasset" 493
"../../../../../GitHub/Steminar-Duck-Game/Content/NecrosUtilityMatPack/textures/roof/t_spanish_tile_01/t_spanish_tile_01_h.uasset" 494
"../../../../../GitHub/Steminar-Duck-Game/Content/NecrosUtilityMatPack/textures/roof/t_spanish_tile_01/t_spanish_tile_01_n.uasset" 495
"../../../../../GitHub/Steminar-Duck-Game/Content/NecrosUtilityMatPack/materials/roof/masters/m_spanishtile.uasset" 496
"../../../../../GitHub/Steminar-Duck-Game/Content/NecrosUtilityMatPack/materials/roof/mi_spanishtile_brown.uasset" 497
"../../../../../GitHub/Steminar-Duck-Game/Content/NecrosUtilityMatPack/materials/roof/mi_spanishtile_gray.uasset" 498
"../../../../../GitHub/Steminar-Duck-Game/Content/NecrosUtilityMatPack/materials/roof/mi_spanishtile_orange.uasset" 499
"../../../../../GitHub/Steminar-Duck-Game/Content/NecrosUtilityMatPack/materials/roof/mi_spanishtile_red.uasset" 500
"../../../../../GitHub/Steminar-Duck-Game/Content/NecrosUtilityMatPack/textures/metal/t_tinroof_01/t_tinroof_02_ao.uasset" 501
"../../../../../GitHub/Steminar-Duck-Game/Content/NecrosUtilityMatPack/textures/metal/t_tinroof_01/t_tinroof_02_d.uasset" 502
"../../../../../GitHub/Steminar-Duck-Game/Content/NecrosUtilityMatPack/textures/metal/t_tinroof_01/t_tinroof_02_n.uasset" 503
"../../../../../GitHub/Steminar-Duck-Game/Content/NecrosUtilityMatPack/materials/roof/masters/m_tinroof.uasset" 504
"../../../../../GitHub/Steminar-Duck-Game/Content/NecrosUtilityMatPack/materials/roof/mi_tinroof_bright.uasset" 505
"../../../../../GitHub/Steminar-Duck-Game/Content/NecrosUtilityMatPack/materials/roof/mi_tinroof_painted_red.uasset" 506
"../../../../../GitHub/Steminar-Duck-Game/Content/NecrosUtilityMatPack/materials/roof/mi_tinroof_rusty_bright.uasset" 507
"../../../../../GitHub/Steminar-Duck-Game/Content/NecrosUtilityMatPack/materials/roof/mi_tinroof_rusty_painted_red.uasset" 508
"../../../../../GitHub/Steminar-Duck-Game/Content/NecrosUtilityMatPack/textures/common/t_groutlines_02_n.uasset" 509
"../../../../../GitHub/Steminar-Duck-Game/Content/NecrosUtilityMatPack/textures/wall/t_block_01/t_block_01_d.uasset" 510
"../../../../../GitHub/Steminar-Duck-Game/Content/NecrosUtilityMatPack/textures/wall/t_block_01/t_block_01_n.uasset" 511
"../../../../../GitHub/Steminar-Duck-Game/Content/NecrosUtilityMatPack/materials/wall/masters/m_concreteblock.uasset" 512
"../../../../../GitHub/Steminar-Duck-Game/Content/NecrosUtilityMatPack/materials/wall/mi_concreteblocks_painted_yellow.uasset" 513
"../../../../../GitHub/Steminar-Duck-Game/Content/NecrosUtilityMatPack/textures/floor/t_concrete_02/t_concrete_02_d.uasset" 514
"../../../../../GitHub/Steminar-Duck-Game/Content/NecrosUtilityMatPack/textures/floor/t_concrete_02/t_concrete_02_n.uasset" 515
"../../../../../GitHub/Steminar-Duck-Game/Content/NecrosUtilityMatPack/textures/wall/t_oldbrick_01/t_oldbrick_01_d.uasset" 516
"../../../../../GitHub/Steminar-Duck-Game/Content/NecrosUtilityMatPack/textures/wall/t_oldbrick_01/t_oldbrick_01_h.uasset" 517
"../../../../../GitHub/Steminar-Duck-Game/Content/NecrosUtilityMatPack/textures/wall/t_oldbrick_01/t_oldbrick_01_n.uasset" 518
"../../../../../GitHub/Steminar-Duck-Game/Content/NecrosUtilityMatPack/textures/wall/t_oldbrick_01/t_oldbrick_r.uasset" 519
"../../../../../GitHub/Steminar-Duck-Game/Content/NecrosUtilityMatPack/materials/wall/masters/m_oldbrick_01.uasset" 520
"../../../../../GitHub/Steminar-Duck-Game/Content/NecrosUtilityMatPack/materials/wall/mi_oldbrick.uasset" 521
"../../../../../GitHub/Steminar-Duck-Game/Content/NecrosUtilityMatPack/material_functions/mf_cinderblocks.uasset" 522
"../../../../../GitHub/Steminar-Duck-Game/Content/NecrosUtilityMatPack/textures/wall/t_stucco_01/t_stucco_01_ao.uasset" 523
"../../../../../GitHub/Steminar-Duck-Game/Content/NecrosUtilityMatPack/textures/wall/t_stucco_01/t_stucco_01_d.uasset" 524
"../../../../../GitHub/Steminar-Duck-Game/Content/NecrosUtilityMatPack/textures/wall/t_stucco_01/t_stucco_01_n.uasset" 525
"../../../../../GitHub/Steminar-Duck-Game/Content/NecrosUtilityMatPack/materials/wall/masters/m_stucco.uasset" 526
"../../../../../GitHub/Steminar-Duck-Game/Content/NecrosUtilityMatPack/materials/wall/mi_stucco_tan.uasset" 527
"../../../../../GitHub/Steminar-Duck-Game/Content/NecrosUtilityMatPack/materials/wall/mi_stucco_worn_tan.uasset" 528
"../../../../../GitHub/Steminar-Duck-Game/Content/NecrosUtilityMatPack/textures/wall/t_travertine_01/t_travertin_01_n.uasset" 529
"../../../../../GitHub/Steminar-Duck-Game/Content/NecrosUtilityMatPack/textures/wall/t_travertine_01/t_travertine_01_d.uasset" 530
"../../../../../GitHub/Steminar-Duck-Game/Content/NecrosUtilityMatPack/textures/wall/t_travertine_01/t_travertine_01_h.uasset" 531
"../../../../../GitHub/Steminar-Duck-Game/Content/NecrosUtilityMatPack/textures/wall/t_travertine_01/t_travertine_01_r.uasset" 532
"../../../../../GitHub/Steminar-Duck-Game/Content/NecrosUtilityMatPack/materials/wall/masters/m_travertine_interlocking.uasset" 533
"../../../../../GitHub/Steminar-Duck-Game/Content/NecrosUtilityMatPack/materials/wall/mi_travertine_interlocking_white.uasset" 534
"../../../../../GitHub/Steminar-Duck-Game/Content/NecrosUtilityMatPack/textures/wall/t_travertine_02/t_travertine_02_d.uasset" 535
"../../../../../GitHub/Steminar-Duck-Game/Content/NecrosUtilityMatPack/textures/wall/t_travertine_02/t_travertine_02_h.uasset" 536
"../../../../../GitHub/Steminar-Duck-Game/Content/NecrosUtilityMatPack/textures/wall/t_travertine_02/t_travertine_02_n.uasset" 537
"../../../../../GitHub/Steminar-Duck-Game/Content/NecrosUtilityMatPack/textures/wall/t_travertine_02/t_travertine_02_r.uasset" 538
"../../../../../GitHub/Steminar-Duck-Game/Content/NecrosUtilityMatPack/materials/wall/masters/m_travertine_rectangular_staggered.uasset" 539
"../../../../../GitHub/Steminar-Duck-Game/Content/NecrosUtilityMatPack/materials/wall/mi_travertine_rectangular_staggered.uasset" 540
"../../../../../GitHub/Steminar-Duck-Game/Content/NecrosUtilityMatPack/materials/wall/mi_travertine_square_staggered.uasset" 541
"../../../../../GitHub/Steminar-Duck-Game/Content/NecrosUtilityMatPack/materials/wall/masters/m_washedconcrete.uasset" 542
"../../../../../GitHub/Steminar-Duck-Game/Content/NecrosUtilityMatPack/materials/wall/mi_washedconcrete.uasset" 543
"../../../../../GitHub/Steminar-Duck-Game/Content/NecrosUtilityMatPack/textures/rock/rock_stacked_01/t_rock_stacked_01_ao.uasset" 544
"../../../../../GitHub/Steminar-Duck-Game/Content/NecrosUtilityMatPack/textures/rock/rock_stacked_01/t_rock_stacked_01_m.uasset" 545
"../../../../../GitHub/Steminar-Duck-Game/Content/NecrosUtilityMatPack/textures/rock/rock_stacked_01/t_rock_stacked_01_n.uasset" 546
"../../../../../GitHub/Steminar-Duck-Game/Content/NecrosUtilityMatPack/textures/rock/t_rock_03/t_rock_03_d.uasset" 547
"../../../../../GitHub/Steminar-Duck-Game/Content/NecrosUtilityMatPack/textures/rock/t_rock_03/t_rock_03_n.uasset" 548
"../../../../../GitHub/Steminar-Duck-Game/Content/NecrosUtilityMatPack/textures/t_lichen/t_lichen_01_n.uasset" 549
"../../../../../GitHub/Steminar-Duck-Game/Content/NecrosUtilityMatPack/materials/misc/masters/m_mesh_rock.uasset" 550
"../../../../../GitHub/Steminar-Duck-Game/Content/NecrosUtilityMatPack/materials/misc/mi_mesh_rock.uasset" 551
"../../../../../GitHub/Steminar-Duck-Game/Content/NecrosUtilityMatPack/Props/rock_stacked_01.uasset" 552
"../../../../../GitHub/Steminar-Duck-Game/Content/NecrosUtilityMatPack/Props/tess_plane.uasset" 553
"../../../../../GitHub/Steminar-Duck-Game/Content/NecrosUtilityMatPack/materials/floor/mi_asphalt_dry.uasset" 554
"../../../../../GitHub/Steminar-Duck-Game/Content/NecrosUtilityMatPack/materials/floor/asphalt.uasset" 555
"../../../Engine/Content/Maps/Entry_BuiltData.uasset" 556
"../../../Engine/Content/Maps/Entry.umap" 557
"../../../Engine/Content/EngineSky/C_Sky_Cloud_Color.uasset" 558
"../../../Engine/Content/EngineSky/C_Sky_Horizon_Color.uasset" 559
"../../../Engine/Content/EngineSky/C_Sky_Zenith_Color.uasset" 560
"../../../Engine/Content/EngineSky/T_Sky_Blue.uasset" 561
"../../../Engine/Content/EngineSky/T_Sky_Clouds_M.uasset" 562
"../../../Engine/Content/EngineSky/T_Sky_Stars.uasset" 563
"../../../Engine/Content/EngineSky/M_Sky_Panning_Clouds2.uasset" 564
"../../../Engine/Content/EngineSky/SM_SkySphere.uasset" 565
"../../../Engine/Content/EngineSky/BP_Sky_Sphere.uasset" 566
"../../../Engine/Content/BasicShapes/BasicShapeMaterial.uasset" 567
"../../../../../GitHub/Steminar-Duck-Game/Content/StarterContent/Textures/T_Ceramic_Tile_M.uasset" 568
"../../../../../GitHub/Steminar-Duck-Game/Content/StarterContent/Textures/T_Ceramic_Tile_N.uasset" 569
"../../../../../GitHub/Steminar-Duck-Game/Content/StarterContent/Textures/T_Perlin_Noise_M.uasset" 570
"../../../../../GitHub/Steminar-Duck-Game/Content/StarterContent/Textures/T_Rock_Marble_Polished_D.uasset" 571
"../../../../../GitHub/Steminar-Duck-Game/Content/StarterContent/Materials/M_Ceramic_Tile_Checker.uasset" 572
"../../../../../GitHub/Steminar-Duck-Game/Content/NecrosUtilityMatPack/materials/floor/mi_floortile_straight_yellow.uasset" 573
"../../../../../GitHub/Steminar-Duck-Game/Content/Floor2Textures/FloorMain.uasset" 574
"../../../../../GitHub/Steminar-Duck-Game/Content/Floor2Textures/FloorEntrance.uasset" 575
"../../../../../GitHub/Steminar-Duck-Game/Content/NecrosUtilityMatPack/materials/wall/masters/m_concrete.uasset" 576
"../../../../../GitHub/Steminar-Duck-Game/Content/NecrosUtilityMatPack/materials/wall/mi_concrete_drying.uasset" 577
"../../../../../GitHub/Steminar-Duck-Game/Content/Floor2Textures/Walls.uasset" 578
"../../../Engine/Content/BasicShapes/Cube.uasset" 579
"../../../../../GitHub/Steminar-Duck-Game/Content/StarterContent/Materials/M_Basic_Floor.uasset" 580
"../../../../../GitHub/Steminar-Duck-Game/Content/StarterContent/Architecture/Floor_400x400.uasset" 581
"../../../../../GitHub/Steminar-Duck-Game/Content/StarterContent/Materials/M_Basic_Wall.uasset" 582
"../../../../../GitHub/Steminar-Duck-Game/Content/StarterContent/Architecture/Wall_400x300.uasset" 583
"../../../../../GitHub/Steminar-Duck-Game/Content/StarterContent/Architecture/Wall_400x400.uasset" 584
"../../../../../GitHub/Steminar-Duck-Game/Content/StarterContent/Architecture/Wall_Door_400x300.uasset" 585
"../../../../../GitHub/Steminar-Duck-Game/Content/StarterContent/Architecture/Wall_Door_400x400.uasset" 586
"../../../../../GitHub/Steminar-Duck-Game/Content/StarterContent/Audio/Starter_Background_Cue.uasset" 587
"../../../../../GitHub/Steminar-Duck-Game/Content/StarterContent/Materials/M_Glass.uasset" 588
"../../../../../GitHub/Steminar-Duck-Game/Content/StarterContent/Textures/T_Door_M.uasset" 589
"../../../../../GitHub/Steminar-Duck-Game/Content/StarterContent/Textures/T_Door_N.uasset" 590
"../../../../../GitHub/Steminar-Duck-Game/Content/StarterContent/Props/Materials/M_Door.uasset" 591
"../../../../../GitHub/Steminar-Duck-Game/Content/StarterContent/Props/SM_Door.uasset" 592
"../../../../../GitHub/Steminar-Duck-Game/Content/StarterContent/Textures/T_Frame_M.uasset" 593
"../../../../../GitHub/Steminar-Duck-Game/Content/StarterContent/Textures/T_Frame_N.uasset" 594
"../../../../../GitHub/Steminar-Duck-Game/Content/StarterContent/Props/Materials/M_Frame.uasset" 595
"../../../../../GitHub/Steminar-Duck-Game/Content/StarterContent/Props/SM_DoorFrame.uasset" 596
"../../../../../GitHub/Steminar-Duck-Game/Content/StarterContent/Props/SM_Stairs.uasset" 597
"../../../../../GitHub/Steminar-Duck-Game/Content/StarterContent/Shapes/Shape_Cube.uasset" 598
"../../../../../GitHub/Steminar-Duck-Game/Content/StarterContent/Shapes/Shape_Pipe.uasset" 599
"../../../../../GitHub/Steminar-Duck-Game/Content/Floor_2.umap" 600
"../../../../../GitHub/Steminar-Duck-Game/Content/StarterContent/Maps/Minimal_Default_BuiltData.uasset" 601
"../../../../../GitHub/Steminar-Duck-Game/Content/StarterContent/Textures/T_MacroVariation.uasset" 602
"../../../../../GitHub/Steminar-Duck-Game/Content/StarterContent/Materials/M_Metal_Brushed_Nickel.uasset" 603
"../../../../../GitHub/Steminar-Duck-Game/Content/StarterContent/Textures/T_Metal_Aluminum_D.uasset" 604
"../../../../../GitHub/Steminar-Duck-Game/Content/StarterContent/Textures/T_Metal_Gold_N.uasset" 605
"../../../../../GitHub/Steminar-Duck-Game/Content/StarterContent/Materials/M_Metal_Burnished_Steel.uasset" 606
"../../../../../GitHub/Steminar-Duck-Game/Content/StarterContent/Textures/T_Metal_Copper_D.uasset" 607
"../../../../../GitHub/Steminar-Duck-Game/Content/StarterContent/Materials/M_Metal_Copper.uasset" 608
"../../../../../GitHub/Steminar-Duck-Game/Content/StarterContent/Textures/T_Chair_M.uasset" 609
"../../../../../GitHub/Steminar-Duck-Game/Content/StarterContent/Textures/T_Chair_N.uasset" 610
"../../../../../GitHub/Steminar-Duck-Game/Content/StarterContent/Props/Materials/M_Chair.uasset" 611
"../../../../../GitHub/Steminar-Duck-Game/Content/StarterContent/Textures/T_Statue_M.uasset" 612
"../../../../../GitHub/Steminar-Duck-Game/Content/StarterContent/Textures/T_Statue_N.uasset" 613
"../../../../../GitHub/Steminar-Duck-Game/Content/StarterContent/Props/Materials/M_StatueGlass.uasset" 614
"../../../../../GitHub/Steminar-Duck-Game/Content/StarterContent/Props/SM_Chair.uasset" 615
"../../../../../GitHub/Steminar-Duck-Game/Content/StarterContent/Props/Materials/M_Statue.uasset" 616
"../../../../../GitHub/Steminar-Duck-Game/Content/StarterContent/Props/SM_Statue.uasset" 617
"../../../../../GitHub/Steminar-Duck-Game/Content/StarterContent/Textures/T_TableRound_M.uasset" 618
"../../../../../GitHub/Steminar-Duck-Game/Content/StarterContent/Textures/T_TableRound_N.uasset" 619
"../../../../../GitHub/Steminar-Duck-Game/Content/StarterContent/Props/Materials/M_TableRound.uasset" 620
"../../../../../GitHub/Steminar-Duck-Game/Content/StarterContent/Props/SM_TableRound.uasset" 621
"../../../../../GitHub/Steminar-Duck-Game/Content/StarterContent/Maps/Minimal_Default.umap" 622
